<?xml version="1.0" encoding="UTF-8"?>
<server description="${rootArtifactId} test server">

	<featureManager>
		<!-- <feature>webProfile-7.0</feature> -->
		<feature>localConnector-1.0</feature>
		<feature>jpa-2.1</feature>
		<feature>cdi-1.2</feature>
		<feature>beanValidation-1.1</feature>
		<feature>jdbc-4.1</feature>
		<feature>managedBeans-1.0</feature>
		<feature>jndi-1.0</feature>
		<feature>ejbLite-3.2</feature>
		<feature>servlet-3.1</feature>
		<feature>jsp-2.3</feature>
	</featureManager>





	<basicRegistry id="basic" realm="BasicRealm">
	</basicRegistry>


	<httpEndpoint host="*" httpPort="9080" httpsPort="9443"
		id="defaultHttpEndpoint" />

	<applicationManager autoExpand="true" />


	<applicationMonitor updateTrigger="mbean" />



	<dataSource id="DefaultDataSource"
		jndiName="jdbc/derbyEmbedded">
		<jdbcDriver libraryRef="jdbcDriverFiles" />
		<properties.derby.embedded
			databaseName="SAMPLEDB" createDatabase="create" />
	</dataSource>

	<library id="jdbcDriverFiles">
		<file name="${shared.resource.dir}/derby/derby.jar" />
	</library>






</server>